acquia_connector
acquia_search
admin_toolbar
admin_toolbar_tools
allowed_formats
anonymous_login
automated_cron
backup_migrate
basic_auth
block
block_content
bootstrap_paragraphs
breakpoint
ckeditor
ckeditor5
classy_paragraphs
color_field
comment
conditional_fields
config
config_translation
config_update
contact
content_editing_message
content_moderation
content_moderation_notifications
content_translation
cookiepro
crop
csv_serialization
ctools
date_popup
datetime
datetime_range
dblog
disable_field
dropzonejs
dropzonejs_eb_widget
dynamic_page_cache
editor
editor_advanced_link
edp_chatbot_site_settings
edp_code_of_ethics
edp_ct_edpon_magazine
edp_ct_events
edp_ct_hint
edp_ct_landing_page
edp_ct_news
edp_ct_notifications
edp_ct_page
edp_ct_person
edp_ct_person_aboutme
edp_ct_person_iam
edp_ct_person_pictures
edp_ct_tool
edp_ct_video
edp_custom_widget
edp_edpon_tv
edp_entity_share_client
edp_field_storage
edp_iam_rest_api
edp_infospot
edp_infospot_kwiki
edp_migrations
edp_multiple_utils
edp_on_adfs
edp_on_user
edp_on_views
edp_on_workflows
edp_organograma
edp_paragraphs
edp_search
edp_services_prd
edp_site
edp_taxonomy
edp_webform_prd
entity
entity_browser
entity_browser_entity_form
entity_reference_revisions
entity_share
entity_share_client
entity_share_server
eu_cookie_compliance
externalauth
facebook_workplace
features
features_ui
field
field_group
field_permissions
field_ui
field_validation
file
filefield_sources
filter
flag
gcontent_moderation
gin_toolbar
gnode
group
groupmedia
gsaml
hal
help
http_response_headers
iframe
image
image_widget_crop
inline_entity_form
installation
jquery_ui
jquery_ui_datepicker
jsonapi
jsonapi_defaults
jsonapi_extras
language
link
linkit
locale
media
media_entity_browser
memcache
memcache_admin
menu_entity_index
menu_item_extras
menu_link_content
menu_link_weight
menu_ui
migrate
migrate_plus
multiple_select
nice_filemime
node
node_revision_delete
node_title_validation
nodeviewcount
onlyone
options
page_cache
paragraphs
path
path_alias
pathauto
phpass
prevnext
quick_node_clone
rate_limits
redirect
redirect_domain
rel_attributes_filter
reroute_email
resources_page
responsive_tables_filter
rest
rest_token_login
restui
save_entities
scheduler
scheduler_content_moderation_integration
search_api
search_api_solr
seckit
serialization
shortcut
simple_gmap
simple_menu_permissions
simplesamlphp_auth
site_settings
site_settings_type_permissions
smtp
statistics
svg_formatter
svg_image_field
svg_upload_sanitizer
syslog
system
tablefield
tablefield_cellspan
tablefield_downloadtoexcel
tablefield_pastefromexcel
taxonomy
term_level
text
time_range
token
token_filter
toolbar
tour
twig_tweak
ultimate_cron
update
user
variationcache
video_embed_field
video_embed_wysiwyg
views
views_argument_token
views_bulk_operations
views_conditional
views_contextual_filters_or
views_data_export
views_field_view
views_menu_children_filter
viewsreference
views_ui
webform
webform_bootstrap
webform_image_select
webform_jqueryui_datepicker
webform_location_geocomplete
webform_node
webform_rest
webform_scheduled_email
webform_templates
webform_ui
webform_views
workflows
wsdata
